
-----
Test: tests/test_open_spo_page.py::test_open_spo_page (call)
Start time: 2024-03-01 15:17:57.003784
Start name method: authorization

End time: 2024-03-01 15:17:59.637383
End name method: authorization
URL: https://ntptis.t12.test.eljur.tech/?user=sysadmin&domain=ntptis

-----

-----
Test: tests/test_open_spo_page.py::test_open_spo_page (call)
Start time: 2024-03-01 15:18:01.638469
Start name method: open_page_study_plans

End time: 2024-03-01 15:18:02.509826
End name method: open_page_study_plans
URL: https://ntptis.t12.test.eljur.tech/journal-study-action/s.plan/p.spo

-----

-----
Test: tests/test_open_spo_page.py::test_open_spo_page_2 (call)
Start time: 2024-03-01 15:18:05.902988
Start name method: authorization

End time: 2024-03-01 15:18:09.991263
End name method: authorization
URL: https://ntptis.t12.test.eljur.tech/?user=sysadmin&domain=ntptis

-----

-----
Test: tests/test_open_spo_page.py::test_open_spo_page_2 (call)
Start time: 2024-03-01 15:18:11.992586
Start name method: open_page_study_plans

End time: 2024-03-01 15:18:12.810885
End name method: open_page_study_plans
URL: https://ntptis.t12.test.eljur.tech/journal-study-action/s.plan/p.spo

-----

-----
Test: tests/test_open_spo_page.py::test_open_spo_page_2 (call)
Start time: 2024-03-01 15:18:12.810885
Start name method: open_page_study_plans

End time: 2024-03-01 15:18:13.620681
End name method: open_page_study_plans
URL: https://ntptis.t12.test.eljur.tech/journal-study-action/s.plan/p.spo

-----
